app/build/outputs/logs/manifest-merger-release-report.txt
-- Merging decision tree log ---
manifest
ADDED from src\main\AndroidManifest.xml:2:1-137:12
INJECTED from src\main\AndroidManifest.xml:2:1-137:12
INJECTED from src\main\AndroidManifest.xml:2:1-137:12
INJECTED from src\main\AndroidManifest.xml:2:1-137:12
MERGED from [:jjdxm-ijkplayer:] AndroidManifest.xml:2:1-12:12
MERGED from [:lockpattern] AndroidManifest.xml:2:1-17:12
MERGED from [com.android.support:design:27.1.1] AndroidManifest.xml:17:1-22:12
MERGED from [com.github.pinguo-zhouwei:MZBannerView:v2.0.2] AndroidManifest.xml:2:1-17:12
MERGED from [com.lzy.widget:view-core:0.1.5] AndroidManifest.xml:2:1-16:12
MERGED from [com.wx.goodview:goodview:1.0.0] AndroidManifest.xml:2:1-17:12
MERGED from [com.github.gittjy:LoadingDialog:1.0.2] AndroidManifest.xml:2:1-17:12
MERGED from [cn.carbs.android:AvatarImageView:1.0.4] AndroidManifest.xml:2:1-12:12
MERGED from [com.github.maning0303:MNUpdateAPK:V1.1.8] AndroidManifest.xml:2:1-30:12
MERGED from [com.android.support:appcompat-v7:27.1.1] AndroidManifest.xml:17:1-22:12
MERGED from [me.shaohui:bottomdialog:1.1.9] AndroidManifest.xml:2:1-11:12
MERGED from [com.android.support:support-v4:27.1.1] AndroidManifest.xml:17:1-22:12
MERGED from [com.android.support:recyclerview-v7:27.1.1] AndroidManifest.xml:17:1-22:12
MERGED from [com.android.support.constraint:constraint-layout:1.1.2] AndroidManifest.xml:2:1-11:12
MERGED from [com.nex3z:flow-layout:1.2.2] AndroidManifest.xml:2:1-13:12
MERGED from [com.lzy.net:okgo:3.0.4] AndroidManifest.xml:17:1-31:12
MERGED from [com.wang.avi:library:2.1.3] AndroidManifest.xml:2:1-11:12
MERGED from [com.android.support:cardview-v7:26.0.0] AndroidManifest.xml:17:1-28:12
MERGED from [com.scwang.smartrefresh:SmartRefreshLayout:1.1.0-alpha-7] AndroidManifest.xml:2:1-17:12
MERGED from [:ijkplayer-java] AndroidManifest.xml:2:1-9:12
MERGED from [com.tencent.tinker:tinker-android-lib:1.9.6] AndroidManifest.xml:2:1-28:12
MERGED from [com.android.support:animated-vector-drawable:27.1.1] AndroidManifest.xml:17:1-22:12
MERGED from [com.android.support:support-vector-drawable:27.1.1] AndroidManifest.xml:17:1-22:12
MERGED from [com.android.support:multidex:1.0.3] AndroidManifest.xml:17:1-22:12
MERGED from [com.android.support:transition:27.1.1] AndroidManifest.xml:17:1-22:12
MERGED from [com.android.support:support-fragment:27.1.1] AndroidManifest.xml:17:1-22:12
MERGED from [com.android.support:support-core-ui:27.1.1] AndroidManifest.xml:17:1-22:12
MERGED from [com.android.support:support-core-utils:27.1.1] AndroidManifest.xml:17:1-22:12
MERGED from [com.android.support:support-media-compat:27.1.1] AndroidManifest.xml:17:1-22:12
MERGED from [com.android.support:support-compat:27.1.1] AndroidManifest.xml:17:1-22:12
MERGED from [com.tencent.tinker:tinker-android-loader:1.9.6] AndroidManifest.xml:2:1-161:12
MERGED from [android.arch.lifecycle:runtime:1.1.0] AndroidManifest.xml:17:1-22:12
MERGED from [android.arch.lifecycle:livedata-core:1.1.0] AndroidManifest.xml:17:1-22:12
MERGED from [android.arch.core:runtime:1.1.0] AndroidManifest.xml:17:1-22:12
MERGED from [android.arch.lifecycle:viewmodel:1.1.0] AndroidManifest.xml:17:1-22:12
INJECTED from src\main\AndroidManifest.xml:2:1-137:12
INJECTED from src\main\AndroidManifest.xml:2:1-137:12
INJECTED from src\main\AndroidManifest.xml:2:1-137:12
	package
		ADDED from src\main\AndroidManifest.xml:3:5-24
		INJECTED from src\main\AndroidManifest.xml
		INJECTED from src\main\AndroidManifest.xml
	android:versionName
		INJECTED from src\main\AndroidManifest.xml
		ADDED from src\main\AndroidManifest.xml:2:1-137:12
		INJECTED from src\main\AndroidManifest.xml
	android:versionCode
		INJECTED from src\main\AndroidManifest.xml
		ADDED from src\main\AndroidManifest.xml:2:1-137:12
		INJECTED from src\main\AndroidManifest.xml
	xmlns:android
		ADDED from src\main\AndroidManifest.xml:2:11-69
uses-sdk
ADDED from src\main\AndroidManifest.xml:5:5-44
INJECTED from src\main\AndroidManifest.xml:5:5-44
INJECTED from src\main\AndroidManifest.xml:5:5-44
MERGED from [:jjdxm-ijkplayer:] AndroidManifest.xml:8:5-10:41
MERGED from [:jjdxm-ijkplayer:] AndroidManifest.xml:8:5-10:41
MERGED from [:lockpattern] AndroidManifest.xml:7:5-9:41
MERGED from [:lockpattern] AndroidManifest.xml:7:5-9:41
MERGED from [com.android.support:design:27.1.1] AndroidManifest.xml:20:5-44
MERGED from [com.android.support:design:27.1.1] AndroidManifest.xml:20:5-44
MERGED from [com.github.pinguo-zhouwei:MZBannerView:v2.0.2] AndroidManifest.xml:7:5-9:41
MERGED from [com.github.pinguo-zhouwei:MZBannerView:v2.0.2] AndroidManifest.xml:7:5-9:41
MERGED from [com.lzy.widget:view-core:0.1.5] AndroidManifest.xml:7:5-9:41
MERGED from [com.lzy.widget:view-core:0.1.5] AndroidManifest.xml:7:5-9:41
MERGED from [com.wx.goodview:goodview:1.0.0] AndroidManifest.xml:7:5-9:41
MERGED from [com.wx.goodview:goodview:1.0.0] AndroidManifest.xml:7:5-9:41
MERGED from [com.github.gittjy:LoadingDialog:1.0.2] AndroidManifest.xml:7:5-9:41
MERGED from [com.github.gittjy:LoadingDialog:1.0.2] AndroidManifest.xml:7:5-9:41
MERGED from [cn.carbs.android:AvatarImageView:1.0.4] AndroidManifest.xml:8:5-10:41
MERGED from [cn.carbs.android:AvatarImageView:1.0.4] AndroidManifest.xml:8:5-10:41
MERGED from [com.github.maning0303:MNUpdateAPK:V1.1.8] AndroidManifest.xml:7:5-9:41
MERGED from [com.github.maning0303:MNUpdateAPK:V1.1.8] AndroidManifest.xml:7:5-9:41
MERGED from [com.android.support:appcompat-v7:27.1.1] AndroidManifest.xml:20:5-44
MERGED from [com.android.support:appcompat-v7:27.1.1] AndroidManifest.xml:20:5-44
MERGED from [me.shaohui:bottomdialog:1.1.9] AndroidManifest.xml:7:5-9:41
MERGED from [me.shaohui:bottomdialog:1.1.9] AndroidManifest.xml:7:5-9:41
MERGED from [com.android.support:support-v4:27.1.1] AndroidManifest.xml:20:5-44
MERGED from [com.android.support:support-v4:27.1.1] AndroidManifest.xml:20:5-44
MERGED from [com.android.support:recyclerview-v7:27.1.1] AndroidManifest.xml:20:5-44
MERGED from [com.android.support:recyclerview-v7:27.1.1] AndroidManifest.xml:20:5-44
MERGED from [com.android.support.constraint:constraint-layout:1.1.2] AndroidManifest.xml:5:5-7:41
MERGED from [com.android.support.constraint:constraint-layout:1.1.2] AndroidManifest.xml:5:5-7:41
MERGED from [com.nex3z:flow-layout:1.2.2] AndroidManifest.xml:7:5-9:41
MERGED from [com.nex3z:flow-layout:1.2.2] AndroidManifest.xml:7:5-9:41
MERGED from [com.lzy.net:okgo:3.0.4] AndroidManifest.xml:22:5-24:41
MERGED from [com.lzy.net:okgo:3.0.4] AndroidManifest.xml:22:5-24:41
MERGED from [com.wang.avi:library:2.1.3] AndroidManifest.xml:7:5-9:41
MERGED from [com.wang.avi:library:2.1.3] AndroidManifest.xml:7:5-9:41
MERGED from [com.android.support:cardview-v7:26.0.0] AndroidManifest.xml:20:5-44
MERGED from [com.android.support:cardview-v7:26.0.0] AndroidManifest.xml:20:5-44
MERGED from [com.scwang.smartrefresh:SmartRefreshLayout:1.1.0-alpha-7] AndroidManifest.xml:7:5-9:41
MERGED from [com.scwang.smartrefresh:SmartRefreshLayout:1.1.0-alpha-7] AndroidManifest.xml:7:5-9:41
MERGED from [:ijkplayer-java] AndroidManifest.xml:5:5-7:41
MERGED from [:ijkplayer-java] AndroidManifest.xml:5:5-7:41
MERGED from [com.tencent.tinker:tinker-android-lib:1.9.6] AndroidManifest.xml:5:5-7:41
MERGED from [com.tencent.tinker:tinker-android-lib:1.9.6] AndroidManifest.xml:5:5-7:41
MERGED from [com.android.support:animated-vector-drawable:27.1.1] AndroidManifest.xml:20:5-44
MERGED from [com.android.support:animated-vector-drawable:27.1.1] AndroidManifest.xml:20:5-44
MERGED from [com.android.support:support-vector-drawable:27.1.1] AndroidManifest.xml:20:5-44
MERGED from [com.android.support:support-vector-drawable:27.1.1] AndroidManifest.xml:20:5-44
MERGED from [com.android.support:multidex:1.0.3] AndroidManifest.xml:20:5-43
MERGED from [com.android.support:multidex:1.0.3] AndroidManifest.xml:20:5-43
MERGED from [com.android.support:transition:27.1.1] AndroidManifest.xml:20:5-44
MERGED from [com.android.support:transition:27.1.1] AndroidManifest.xml:20:5-44
MERGED from [com.android.support:support-fragment:27.1.1] AndroidManifest.xml:20:5-44
MERGED from [com.android.support:support-fragment:27.1.1] AndroidManifest.xml:20:5-44
MERGED from [com.android.support:support-core-ui:27.1.1] AndroidManifest.xml:20:5-44
MERGED from [com.android.support:support-core-ui:27.1.1] AndroidManifest.xml:20:5-44
MERGED from [com.android.support:support-core-utils:27.1.1] AndroidManifest.xml:20:5-44
MERGED from [com.android.support:support-core-utils:27.1.1] AndroidManifest.xml:20:5-44
MERGED from [com.android.support:support-media-compat:27.1.1] AndroidManifest.xml:20:5-44
MERGED from [com.android.support:support-media-compat:27.1.1] AndroidManifest.xml:20:5-44
MERGED from [com.android.support:support-compat:27.1.1] AndroidManifest.xml:20:5-44
MERGED from [com.android.support:support-compat:27.1.1] AndroidManifest.xml:20:5-44
MERGED from [com.tencent.tinker:tinker-android-loader:1.9.6] AndroidManifest.xml:5:5-7:41
MERGED from [com.tencent.tinker:tinker-android-loader:1.9.6] AndroidManifest.xml:5:5-7:41
MERGED from [android.arch.lifecycle:runtime:1.1.0] AndroidManifest.xml:20:5-44
MERGED from [android.arch.lifecycle:runtime:1.1.0] AndroidManifest.xml:20:5-44
MERGED from [android.arch.lifecycle:livedata-core:1.1.0] AndroidManifest.xml:20:5-44
MERGED from [android.arch.lifecycle:livedata-core:1.1.0] AndroidManifest.xml:20:5-44
MERGED from [android.arch.core:runtime:1.1.0] AndroidManifest.xml:20:5-44
MERGED from [android.arch.core:runtime:1.1.0] AndroidManifest.xml:20:5-44
MERGED from [android.arch.lifecycle:viewmodel:1.1.0] AndroidManifest.xml:20:5-44
MERGED from [android.arch.lifecycle:viewmodel:1.1.0] AndroidManifest.xml:20:5-44
INJECTED from src\main\AndroidManifest.xml:5:5-44
INJECTED from src\main\AndroidManifest.xml:5:5-44
	android:targetSdkVersion
		INJECTED from src\main\AndroidManifest.xml
		ADDED from src\main\AndroidManifest.xml:5:5-44
		INJECTED from src\main\AndroidManifest.xml
	android:minSdkVersion
		ADDED from src\main\AndroidManifest.xml:5:15-41
		INJECTED from src\main\AndroidManifest.xml
		INJECTED from src\main\AndroidManifest.xml
uses-permission#android.permission.MODIFY_AUDIO_SETTINGS
ADDED from src\main\AndroidManifest.xml:7:5-80
	android:name
		ADDED from src\main\AndroidManifest.xml:7:22-77
uses-permission#android.permission.INTERNET
ADDED from src\main\AndroidManifest.xml:8:5-67
MERGED from [com.lzy.net:okgo:3.0.4] AndroidManifest.xml:26:5-67
MERGED from [com.lzy.net:okgo:3.0.4] AndroidManifest.xml:26:5-67
	android:name
		ADDED from src\main\AndroidManifest.xml:8:22-64
uses-permission#android.permission.READ_PHONE_STATE
ADDED from src\main\AndroidManifest.xml:9:5-75
	android:name
		ADDED from src\main\AndroidManifest.xml:9:22-72
uses-permission#android.permission.WRITE_EXTERNAL_STORAGE
ADDED from src\main\AndroidManifest.xml:11:5-81
MERGED from [com.github.maning0303:MNUpdateAPK:V1.1.8] AndroidManifest.xml:12:5-81
MERGED from [com.github.maning0303:MNUpdateAPK:V1.1.8] AndroidManifest.xml:12:5-81
MERGED from [com.lzy.net:okgo:3.0.4] AndroidManifest.xml:28:5-81
MERGED from [com.lzy.net:okgo:3.0.4] AndroidManifest.xml:28:5-81
	android:name
		ADDED from src\main\AndroidManifest.xml:11:22-78
uses-permission#android.permission.READ_EXTERNAL_STORAGE
ADDED from src\main\AndroidManifest.xml:12:5-80
MERGED from [com.github.maning0303:MNUpdateAPK:V1.1.8] AndroidManifest.xml:13:5-80
MERGED from [com.github.maning0303:MNUpdateAPK:V1.1.8] AndroidManifest.xml:13:5-80
MERGED from [com.lzy.net:okgo:3.0.4] AndroidManifest.xml:27:5-80
MERGED from [com.lzy.net:okgo:3.0.4] AndroidManifest.xml:27:5-80
	android:name
		ADDED from src\main\AndroidManifest.xml:12:22-77
uses-permission#android.permission.REQUEST_INSTALL_PACKAGES
ADDED from src\main\AndroidManifest.xml:13:5-83
MERGED from [com.github.maning0303:MNUpdateAPK:V1.1.8] AndroidManifest.xml:11:5-83
MERGED from [com.github.maning0303:MNUpdateAPK:V1.1.8] AndroidManifest.xml:11:5-83
	android:name
		ADDED from src\main\AndroidManifest.xml:13:22-80
uses-permission#android.permission.WAKE_LOCK
ADDED from src\main\AndroidManifest.xml:15:5-68
	android:name
		ADDED from src\main\AndroidManifest.xml:15:22-65
uses-permission#android.permission.ACCESS_NETWORK_STATE
ADDED from src\main\AndroidManifest.xml:16:5-79
	android:name
		ADDED from src\main\AndroidManifest.xml:16:22-76
uses-permission#android.permission.ACCESS_WIFI_STATE
ADDED from src\main\AndroidManifest.xml:17:5-76
	android:name
		ADDED from src\main\AndroidManifest.xml:17:22-73
uses-feature#android.hardware.camera
ADDED from src\main\AndroidManifest.xml:23:5-25:36
	android:required
		ADDED from src\main\AndroidManifest.xml:25:9-33
	android:name
		ADDED from src\main\AndroidManifest.xml:24:9-47
uses-permission#android.permission.CAMERA
ADDED from src\main\AndroidManifest.xml:27:5-65
	android:name
		ADDED from src\main\AndroidManifest.xml:27:22-62
application
ADDED from src\main\AndroidManifest.xml:29:5-135:19
MERGED from [:lockpattern] AndroidManifest.xml:11:5-15:19
MERGED from [:lockpattern] AndroidManifest.xml:11:5-15:19
MERGED from [com.github.pinguo-zhouwei:MZBannerView:v2.0.2] AndroidManifest.xml:11:5-15:19
MERGED from [com.github.pinguo-zhouwei:MZBannerView:v2.0.2] AndroidManifest.xml:11:5-15:19
MERGED from [com.lzy.widget:view-core:0.1.5] AndroidManifest.xml:11:5-14:19
MERGED from [com.lzy.widget:view-core:0.1.5] AndroidManifest.xml:11:5-14:19
MERGED from [com.wx.goodview:goodview:1.0.0] AndroidManifest.xml:11:5-15:19
MERGED from [com.wx.goodview:goodview:1.0.0] AndroidManifest.xml:11:5-15:19
MERGED from [com.github.gittjy:LoadingDialog:1.0.2] AndroidManifest.xml:11:5-15:19
MERGED from [com.github.gittjy:LoadingDialog:1.0.2] AndroidManifest.xml:11:5-15:19
MERGED from [com.github.maning0303:MNUpdateAPK:V1.1.8] AndroidManifest.xml:15:5-28:19
MERGED from [com.github.maning0303:MNUpdateAPK:V1.1.8] AndroidManifest.xml:15:5-28:19
MERGED from [com.android.support.constraint:constraint-layout:1.1.2] AndroidManifest.xml:9:5-20
MERGED from [com.android.support.constraint:constraint-layout:1.1.2] AndroidManifest.xml:9:5-20
MERGED from [com.nex3z:flow-layout:1.2.2] AndroidManifest.xml:11:5-20
MERGED from [com.nex3z:flow-layout:1.2.2] AndroidManifest.xml:11:5-20
MERGED from [com.android.support:cardview-v7:26.0.0] AndroidManifest.xml:22:5-26:19
MERGED from [com.android.support:cardview-v7:26.0.0] AndroidManifest.xml:22:5-26:19
MERGED from [com.scwang.smartrefresh:SmartRefreshLayout:1.1.0-alpha-7] AndroidManifest.xml:11:5-15:19
MERGED from [com.scwang.smartrefresh:SmartRefreshLayout:1.1.0-alpha-7] AndroidManifest.xml:11:5-15:19
MERGED from [com.tencent.tinker:tinker-android-lib:1.9.6] AndroidManifest.xml:9:5-26:19
MERGED from [com.tencent.tinker:tinker-android-lib:1.9.6] AndroidManifest.xml:9:5-26:19
MERGED from [com.tencent.tinker:tinker-android-loader:1.9.6] AndroidManifest.xml:9:5-159:19
MERGED from [com.tencent.tinker:tinker-android-loader:1.9.6] AndroidManifest.xml:9:5-159:19
	android:supportsRtl
		ADDED from [:lockpattern] AndroidManifest.xml:14:9-35
	android:label
		ADDED from src\main\AndroidManifest.xml:33:9-41
	android:persistent
		ADDED from src\main\AndroidManifest.xml:34:9-34
	android:largeHeap
		ADDED from src\main\AndroidManifest.xml:35:9-33
	android:icon
		ADDED from src\main\AndroidManifest.xml:32:9-45
	android:allowBackup
		ADDED from src\main\AndroidManifest.xml:31:9-35
	android:theme
		ADDED from src\main\AndroidManifest.xml:36:9-40
	android:name
		ADDED from src\main\AndroidManifest.xml:30:9-40
provider#android.support.v4.content.FileProvider
ADDED from src\main\AndroidManifest.xml:39:9-47:20
	android:grantUriPermissions
		ADDED from src\main\AndroidManifest.xml:43:13-47
	android:authorities
		ADDED from src\main\AndroidManifest.xml:41:13-53
	android:exported
		ADDED from src\main\AndroidManifest.xml:42:13-37
	android:name
		ADDED from src\main\AndroidManifest.xml:40:13-67
meta-data#android.support.FILE_PROVIDER_PATHS
ADDED from src\main\AndroidManifest.xml:44:13-46:54
	android:resource
		ADDED from src\main\AndroidManifest.xml:46:17-51
	android:name
		ADDED from src\main\AndroidManifest.xml:45:17-67
activity#com.xcore.RunActivity
ADDED from src\main\AndroidManifest.xml:49:9-58:20
	android:screenOrientation
		ADDED from src\main\AndroidManifest.xml:52:13-49
	android:label
		ADDED from src\main\AndroidManifest.xml:51:13-45
	android:name
		ADDED from src\main\AndroidManifest.xml:50:13-40
intent-filter#action:name:android.intent.action.MAIN+category:name:android.intent.category.LAUNCHER
ADDED from src\main\AndroidManifest.xml:53:13-57:29
action#android.intent.action.MAIN
ADDED from src\main\AndroidManifest.xml:54:17-69
	android:name
		ADDED from src\main\AndroidManifest.xml:54:25-66
category#android.intent.category.LAUNCHER
ADDED from src\main\AndroidManifest.xml:56:17-77
	android:name
		ADDED from src\main\AndroidManifest.xml:56:27-74
activity#com.xcore.P2PTransActivity
ADDED from src\main\AndroidManifest.xml:59:9-54
	android:name
		ADDED from src\main\AndroidManifest.xml:59:19-51
activity#com.xcore.PermissionsActivity
ADDED from src\main\AndroidManifest.xml:60:9-57
	android:name
		ADDED from src\main\AndroidManifest.xml:60:19-54
activity#com.xcore.SplashActivity
ADDED from src\main\AndroidManifest.xml:61:9-52
	android:name
		ADDED from src\main\AndroidManifest.xml:61:19-49
activity#com.xcore.ui.activity.VideoActivity
ADDED from src\main\AndroidManifest.xml:62:9-64:52
	android:screenOrientation
		ADDED from src\main\AndroidManifest.xml:64:13-49
	android:name
		ADDED from src\main\AndroidManifest.xml:63:13-54
activity#com.xcore.ui.activity.ActressActivity
ADDED from src\main\AndroidManifest.xml:68:9-65
	android:name
		ADDED from src\main\AndroidManifest.xml:68:19-62
activity#com.xcore.ui.activity.TagActivity
ADDED from src\main\AndroidManifest.xml:69:9-61
	android:name
		ADDED from src\main\AndroidManifest.xml:69:19-58
activity#com.xcore.ui.activity.LoginActivity
ADDED from src\main\AndroidManifest.xml:70:9-63
	android:name
		ADDED from src\main\AndroidManifest.xml:70:19-60
activity#com.xcore.ui.activity.RegisterActivity
ADDED from src\main\AndroidManifest.xml:71:9-66
	android:name
		ADDED from src\main\AndroidManifest.xml:71:19-63
activity#com.xcore.ui.activity.FullActivity
ADDED from src\main\AndroidManifest.xml:72:9-76:66
	android:screenOrientation
		ADDED from src\main\AndroidManifest.xml:75:13-50
	android:configChanges
		ADDED from src\main\AndroidManifest.xml:74:13-74
	android:theme
		ADDED from src\main\AndroidManifest.xml:76:13-63
	android:name
		ADDED from src\main\AndroidManifest.xml:73:13-53
activity#com.xcore.ui.activity.UpgradeUserInfoActivity
ADDED from src\main\AndroidManifest.xml:77:9-79:52
	android:theme
		ADDED from src\main\AndroidManifest.xml:79:13-49
	android:name
		ADDED from src\main\AndroidManifest.xml:78:13-64
activity#com.xcore.ui.activity.SpreadShareActivity
ADDED from src\main\AndroidManifest.xml:80:9-69
	android:name
		ADDED from src\main\AndroidManifest.xml:80:19-66
activity#com.xcore.ui.activity.SettingActivity
ADDED from src\main\AndroidManifest.xml:81:9-65
	android:name
		ADDED from src\main\AndroidManifest.xml:81:19-62
activity#com.xcore.ui.activity.NoticeDetailActivity
ADDED from src\main\AndroidManifest.xml:82:9-70
	android:name
		ADDED from src\main\AndroidManifest.xml:82:19-67
activity#com.xcore.ui.activity.VerifyPassActivity
ADDED from src\main\AndroidManifest.xml:83:9-85:52
	android:theme
		ADDED from src\main\AndroidManifest.xml:85:13-49
	android:name
		ADDED from src\main\AndroidManifest.xml:84:13-59
activity#com.xcore.ui.activity.FeedbackRecodeActivity
ADDED from src\main\AndroidManifest.xml:86:9-72
	android:name
		ADDED from src\main\AndroidManifest.xml:86:19-69
activity#com.xcore.ui.activity.SearchActivity
ADDED from src\main\AndroidManifest.xml:87:9-89:57
	android:windowSoftInputMode
		ADDED from src\main\AndroidManifest.xml:89:13-54
	android:name
		ADDED from src\main\AndroidManifest.xml:88:13-55
activity#com.xcore.ui.activity.FeedbackActivity
ADDED from src\main\AndroidManifest.xml:90:9-66
	android:name
		ADDED from src\main\AndroidManifest.xml:90:19-63
activity#com.xcore.ui.activity.ThemeActivity
ADDED from src\main\AndroidManifest.xml:91:9-63
	android:name
		ADDED from src\main\AndroidManifest.xml:91:19-60
activity#com.xcore.ui.activity.BoxActivity
ADDED from src\main\AndroidManifest.xml:92:9-61
	android:name
		ADDED from src\main\AndroidManifest.xml:92:19-58
activity#com.xcore.ui.activity.LastUpdatedActivity
ADDED from src\main\AndroidManifest.xml:93:9-69
	android:name
		ADDED from src\main\AndroidManifest.xml:93:19-66
activity#com.xcore.ui.activity.MyShareActivity
ADDED from src\main\AndroidManifest.xml:94:9-65
	android:name
		ADDED from src\main\AndroidManifest.xml:94:19-62
activity#com.xcore.ui.activity.ProtocolActivity
ADDED from src\main\AndroidManifest.xml:95:9-66
	android:name
		ADDED from src\main\AndroidManifest.xml:95:19-63
activity#com.xcore.ui.activity.TypeActivity
ADDED from src\main\AndroidManifest.xml:96:9-62
	android:name
		ADDED from src\main\AndroidManifest.xml:96:19-59
activity#com.xcore.ui.activity.FindActivity
ADDED from src\main\AndroidManifest.xml:97:9-62
	android:name
		ADDED from src\main\AndroidManifest.xml:97:19-59
activity#com.xcore.ui.activity.XMainActivity
ADDED from src\main\AndroidManifest.xml:98:9-63
	android:name
		ADDED from src\main\AndroidManifest.xml:98:19-60
activity#com.xcore.ui.activity.TagSelectActivity
ADDED from src\main\AndroidManifest.xml:99:9-67
	android:name
		ADDED from src\main\AndroidManifest.xml:99:19-64
activity#com.xcore.ui.activity.UpgradeActivity
ADDED from src\main\AndroidManifest.xml:100:9-65
	android:name
		ADDED from src\main\AndroidManifest.xml:100:19-62
activity#com.xcore.ui.activity.CacheActivity
ADDED from src\main\AndroidManifest.xml:101:9-63
	android:name
		ADDED from src\main\AndroidManifest.xml:101:19-60
activity#com.xcore.ui.activity.HRecodeActivity
ADDED from src\main\AndroidManifest.xml:102:9-65
	android:name
		ADDED from src\main\AndroidManifest.xml:102:19-62
activity#com.xcore.ui.activity.CollectActivity
ADDED from src\main\AndroidManifest.xml:103:9-65
	android:name
		ADDED from src\main\AndroidManifest.xml:103:19-62
activity#com.xcore.ui.activity.PlayActivity
ADDED from src\main\AndroidManifest.xml:104:9-62
	android:name
		ADDED from src\main\AndroidManifest.xml:104:19-59
activity#com.xcore.ui.activity.LockLoginActivity
ADDED from src\main\AndroidManifest.xml:105:9-67
	android:name
		ADDED from src\main\AndroidManifest.xml:105:19-64
activity#com.xcore.ui.activity.LockSettingActivity
ADDED from src\main\AndroidManifest.xml:106:9-69
	android:name
		ADDED from src\main\AndroidManifest.xml:106:19-66
activity#com.xcore.ui.activity.AppUpdateActivity
ADDED from src\main\AndroidManifest.xml:107:9-109:52
	android:theme
		ADDED from src\main\AndroidManifest.xml:109:13-49
	android:name
		ADDED from src\main\AndroidManifest.xml:108:13-58
activity#com.xcore.ui.activity.ThemeListActivity
ADDED from src\main\AndroidManifest.xml:110:9-67
	android:name
		ADDED from src\main\AndroidManifest.xml:110:19-64
activity#com.xcore.ui.activity.TipsPopupActivity
ADDED from src\main\AndroidManifest.xml:111:9-113:52
	android:theme
		ADDED from src\main\AndroidManifest.xml:113:13-49
	android:name
		ADDED from src\main\AndroidManifest.xml:112:13-58
activity#com.xcore.ui.activity.NoticeTipsPopupActivity
ADDED from src\main\AndroidManifest.xml:114:9-116:52
	android:theme
		ADDED from src\main\AndroidManifest.xml:116:13-49
	android:name
		ADDED from src\main\AndroidManifest.xml:115:13-64
activity#com.xcore.ui.activity.VideoSubmitErrorActivity
ADDED from src\main\AndroidManifest.xml:117:9-119:52
	android:theme
		ADDED from src\main\AndroidManifest.xml:119:13-49
	android:name
		ADDED from src\main\AndroidManifest.xml:118:13-65
meta-data#com.xcore.utils.MyGlideModule
ADDED from src\main\AndroidManifest.xml:121:9-123:43
	android:value
		ADDED from src\main\AndroidManifest.xml:123:13-40
	android:name
		ADDED from src\main\AndroidManifest.xml:122:13-57
activity#com.xcore.ui.activity.UpdateUserHeadActivity
ADDED from src\main\AndroidManifest.xml:125:9-72
	android:name
		ADDED from src\main\AndroidManifest.xml:125:19-69
activity#com.xcore.ui.activity.GuideActivity
ADDED from src\main\AndroidManifest.xml:126:9-63
	android:name
		ADDED from src\main\AndroidManifest.xml:126:19-60
activity#com.xcore.ui.activity.UpdatePasswordActivity
ADDED from src\main\AndroidManifest.xml:127:9-129:52
	android:theme
		ADDED from src\main\AndroidManifest.xml:129:13-49
	android:name
		ADDED from src\main\AndroidManifest.xml:128:13-63
activity#com.xcore.ui.activity.PVideoViewActivity
ADDED from src\main\AndroidManifest.xml:130:9-132:77
	android:configChanges
		ADDED from src\main\AndroidManifest.xml:132:13-74
	android:name
		ADDED from src\main\AndroidManifest.xml:131:13-59
activity#com.xcore.ui.activity.MakeLTDActivity
ADDED from src\main\AndroidManifest.xml:133:9-65
	android:name
		ADDED from src\main\AndroidManifest.xml:133:19-62
activity#com.xcore.ui.activity.NvStarListActivity
ADDED from src\main\AndroidManifest.xml:134:9-77
	android:name
		ADDED from src\main\AndroidManifest.xml:134:19-65
provider#com.maning.updatelibrary.MNUpdateApkFileProvider
ADDED from [com.github.maning0303:MNUpdateAPK:V1.1.8] AndroidManifest.xml:19:9-27:20
	android:grantUriPermissions
		ADDED from [com.github.maning0303:MNUpdateAPK:V1.1.8] AndroidManifest.xml:23:13-47
	android:authorities
		ADDED from [com.github.maning0303:MNUpdateAPK:V1.1.8] AndroidManifest.xml:21:13-70
	android:exported
		ADDED from [com.github.maning0303:MNUpdateAPK:V1.1.8] AndroidManifest.xml:22:13-37
	android:name
		ADDED from [com.github.maning0303:MNUpdateAPK:V1.1.8] AndroidManifest.xml:20:13-76
uses-permission#android.permission.MOUNT_UNMOUNT_FILESYSTEMS
ADDED from [com.lzy.net:okgo:3.0.4] AndroidManifest.xml:29:5-84
	android:name
		ADDED from [com.lzy.net:okgo:3.0.4] AndroidManifest.xml:29:22-81
meta-data#android.support.VERSION
ADDED from [com.android.support:cardview-v7:26.0.0] AndroidManifest.xml:23:9-25:38
	android:value
		ADDED from [com.android.support:cardview-v7:26.0.0] AndroidManifest.xml:25:13-35
	android:name
		ADDED from [com.android.support:cardview-v7:26.0.0] AndroidManifest.xml:24:13-51
service#com.tencent.tinker.lib.service.TinkerPatchService$IntentServiceRunner
ADDED from [com.tencent.tinker:tinker-android-lib:1.9.6] AndroidManifest.xml:10:9-13:40
	android:process
		ADDED from [com.tencent.tinker:tinker-android-lib:1.9.6] AndroidManifest.xml:13:13-37
	android:exported
		ADDED from [com.tencent.tinker:tinker-android-lib:1.9.6] AndroidManifest.xml:12:13-37
	android:name
		ADDED from [com.tencent.tinker:tinker-android-lib:1.9.6] AndroidManifest.xml:11:13-97
service#com.tencent.tinker.lib.service.TinkerPatchService$IntentServiceRunner$InnerService
ADDED from [com.tencent.tinker:tinker-android-lib:1.9.6] AndroidManifest.xml:14:9-17:40
	android:process
		ADDED from [com.tencent.tinker:tinker-android-lib:1.9.6] AndroidManifest.xml:17:13-37
	android:exported
		ADDED from [com.tencent.tinker:tinker-android-lib:1.9.6] AndroidManifest.xml:16:13-37
	android:name
		ADDED from [com.tencent.tinker:tinker-android-lib:1.9.6] AndroidManifest.xml:15:13-110
service#com.tencent.tinker.lib.service.TinkerPatchService$JobServiceRunner
ADDED from [com.tencent.tinker:tinker-android-lib:1.9.6] AndroidManifest.xml:18:9-22:40
	android:process
		ADDED from [com.tencent.tinker:tinker-android-lib:1.9.6] AndroidManifest.xml:22:13-37
	android:exported
		ADDED from [com.tencent.tinker:tinker-android-lib:1.9.6] AndroidManifest.xml:20:13-37
	android:permission
		ADDED from [com.tencent.tinker:tinker-android-lib:1.9.6] AndroidManifest.xml:21:13-69
	android:name
		ADDED from [com.tencent.tinker:tinker-android-lib:1.9.6] AndroidManifest.xml:19:13-94
service#com.tencent.tinker.lib.service.DefaultTinkerResultService
ADDED from [com.tencent.tinker:tinker-android-lib:1.9.6] AndroidManifest.xml:23:9-25:40
	android:exported
		ADDED from [com.tencent.tinker:tinker-android-lib:1.9.6] AndroidManifest.xml:25:13-37
	android:name
		ADDED from [com.tencent.tinker:tinker-android-lib:1.9.6] AndroidManifest.xml:24:13-85
activity#com.tencent.tinker.loader.hotplug.ActivityStubs$STDStub_00
ADDED from [com.tencent.tinker:tinker-android-loader:1.9.6] AndroidManifest.xml:10:9-95
	android:name
		ADDED from [com.tencent.tinker:tinker-android-loader:1.9.6] AndroidManifest.xml:10:19-92
activity#com.tencent.tinker.loader.hotplug.ActivityStubs$STDStub_01
ADDED from [com.tencent.tinker:tinker-android-loader:1.9.6] AndroidManifest.xml:11:9-95
	android:name
		ADDED from [com.tencent.tinker:tinker-android-loader:1.9.6] AndroidManifest.xml:11:19-92
activity#com.tencent.tinker.loader.hotplug.ActivityStubs$STDStub_02
ADDED from [com.tencent.tinker:tinker-android-loader:1.9.6] AndroidManifest.xml:12:9-95
	android:name
		ADDED from [com.tencent.tinker:tinker-android-loader:1.9.6] AndroidManifest.xml:12:19-92
activity#com.tencent.tinker.loader.hotplug.ActivityStubs$STDStub_03
ADDED from [com.tencent.tinker:tinker-android-loader:1.9.6] AndroidManifest.xml:13:9-95
	android:name
		ADDED from [com.tencent.tinker:tinker-android-loader:1.9.6] AndroidManifest.xml:13:19-92
activity#com.tencent.tinker.loader.hotplug.ActivityStubs$STDStub_04
ADDED from [com.tencent.tinker:tinker-android-loader:1.9.6] AndroidManifest.xml:14:9-95
	android:name
		ADDED from [com.tencent.tinker:tinker-android-loader:1.9.6] AndroidManifest.xml:14:19-92
activity#com.tencent.tinker.loader.hotplug.ActivityStubs$STDStub_05
ADDED from [com.tencent.tinker:tinker-android-loader:1.9.6] AndroidManifest.xml:15:9-95
	android:name
		ADDED from [com.tencent.tinker:tinker-android-loader:1.9.6] AndroidManifest.xml:15:19-92
activity#com.tencent.tinker.loader.hotplug.ActivityStubs$STDStub_06
ADDED from [com.tencent.tinker:tinker-android-loader:1.9.6] AndroidManifest.xml:16:9-95
	android:name
		ADDED from [com.tencent.tinker:tinker-android-loader:1.9.6] AndroidManifest.xml:16:19-92
activity#com.tencent.tinker.loader.hotplug.ActivityStubs$STDStub_07